<?xml version="1.0" encoding="UTF-8"?>
<robot generator="Robot 6.1.1 (Python 3.9.6 on darwin)" generated="20250921 11:32:37.950" rpa="false" schemaversion="4">
<suite id="s1" name="Tests" source="/Users/pondwongsatorn/Downloads/jenkins/simple-api-robot/tests">
<suite id="s1-s1" name="Api Tests" source="/Users/pondwongsatorn/Downloads/jenkins/simple-api-robot/tests/api_tests.robot">
<test id="s1-s1-t1" name="Test Health Endpoint" line="12">
<kw name="Create Session" library="RequestsLibrary">
<arg>api</arg>
<arg>${BASE_URL}</arg>
<arg>timeout=${TIMEOUT}</arg>
<doc>Create Session: create a HTTP session to a server</doc>
<msg timestamp="20250921 11:32:37.998" level="INFO">Creating Session using : alias=api, url=http://localhost:5001, headers={},                     cookies={}, auth=None, timeout=10, proxies=None, verify=False,                     debug=0 </msg>
<status status="PASS" starttime="20250921 11:32:37.998" endtime="20250921 11:32:37.998"/>
</kw>
<kw name="GET On Session" library="RequestsLibrary">
<var>${response}</var>
<arg>api</arg>
<arg>/health</arg>
<doc>Sends a GET request on a previously created HTTP Session.</doc>
<msg timestamp="20250921 11:32:38.003" level="INFO">GET Request : url=http://localhost:5001/health 
 path_url=/health 
 headers={'User-Agent': 'python-requests/2.31.0', 'Accept-Encoding': 'gzip, deflate', 'Accept': '*/*', 'Connection': 'keep-alive'} 
 body=None 
 </msg>
<msg timestamp="20250921 11:32:38.003" level="INFO">GET Response : url=http://localhost:5001/health 
 status=200, reason=OK 
 headers={'Server': 'Werkzeug/3.1.3 Python/3.9.6', 'Date': 'Sun, 21 Sep 2025 04:32:38 GMT', 'Content-Type': 'application/json', 'Content-Length': '48', 'Connection': 'close'} 
 body={"message":"API is running","status":"healthy"}
 
 </msg>
<msg timestamp="20250921 11:32:38.004" level="INFO">${response} = &lt;Response [200]&gt;</msg>
<status status="PASS" starttime="20250921 11:32:37.998" endtime="20250921 11:32:38.004"/>
</kw>
<kw name="Should Be Equal As Strings" library="BuiltIn">
<arg>${response.status_code}</arg>
<arg>200</arg>
<doc>Fails if objects are unequal after converting them to strings.</doc>
<msg timestamp="20250921 11:32:38.004" level="INFO">Argument types are:
&lt;class 'int'&gt;
&lt;class 'str'&gt;</msg>
<status status="PASS" starttime="20250921 11:32:38.004" endtime="20250921 11:32:38.004"/>
</kw>
<kw name="Set Variable" library="BuiltIn">
<var>${json}</var>
<arg>${response.json()}</arg>
<doc>Returns the given values which can then be assigned to a variables.</doc>
<msg timestamp="20250921 11:32:38.004" level="INFO">${json} = {'message': 'API is running', 'status': 'healthy'}</msg>
<status status="PASS" starttime="20250921 11:32:38.004" endtime="20250921 11:32:38.004"/>
</kw>
<kw name="Should Be Equal" library="BuiltIn">
<arg>${json}[status]</arg>
<arg>healthy</arg>
<doc>Fails if the given objects are unequal.</doc>
<status status="PASS" starttime="20250921 11:32:38.004" endtime="20250921 11:32:38.004"/>
</kw>
<kw name="Delete All Sessions" library="RequestsLibrary">
<doc>Removes all the session objects</doc>
<msg timestamp="20250921 11:32:38.004" level="INFO">Deleting All Sessions</msg>
<status status="PASS" starttime="20250921 11:32:38.004" endtime="20250921 11:32:38.004"/>
</kw>
<doc>Test the health check endpoint</doc>
<tag>health</tag>
<status status="PASS" starttime="20250921 11:32:37.997" endtime="20250921 11:32:38.005"/>
</test>
<test id="s1-s1-t2" name="Test Plus API With Positive Numbers" line="22">
<kw name="Create Session" library="RequestsLibrary">
<arg>api</arg>
<arg>${BASE_URL}</arg>
<arg>timeout=${TIMEOUT}</arg>
<doc>Create Session: create a HTTP session to a server</doc>
<msg timestamp="20250921 11:32:38.005" level="INFO">Creating Session using : alias=api, url=http://localhost:5001, headers={},                     cookies={}, auth=None, timeout=10, proxies=None, verify=False,                     debug=0 </msg>
<status status="PASS" starttime="20250921 11:32:38.005" endtime="20250921 11:32:38.005"/>
</kw>
<kw name="GET On Session" library="RequestsLibrary">
<var>${response}</var>
<arg>api</arg>
<arg>/plus/5/6</arg>
<doc>Sends a GET request on a previously created HTTP Session.</doc>
<msg timestamp="20250921 11:32:38.006" level="INFO">GET Request : url=http://localhost:5001/plus/5/6 
 path_url=/plus/5/6 
 headers={'User-Agent': 'python-requests/2.31.0', 'Accept-Encoding': 'gzip, deflate', 'Accept': '*/*', 'Connection': 'keep-alive'} 
 body=None 
 </msg>
<msg timestamp="20250921 11:32:38.006" level="INFO">GET Response : url=http://localhost:5001/plus/5/6 
 status=200, reason=OK 
 headers={'Server': 'Werkzeug/3.1.3 Python/3.9.6', 'Date': 'Sun, 21 Sep 2025 04:32:38 GMT', 'Content-Type': 'application/json', 'Content-Length': '55', 'Connection': 'close'} 
 body={"num1":5,"num2":6,"operation":"addition","result":11}
 
 </msg>
<msg timestamp="20250921 11:32:38.007" level="INFO">${response} = &lt;Response [200]&gt;</msg>
<status status="PASS" starttime="20250921 11:32:38.005" endtime="20250921 11:32:38.007"/>
</kw>
<kw name="Should Be Equal As Strings" library="BuiltIn">
<arg>${response.status_code}</arg>
<arg>200</arg>
<doc>Fails if objects are unequal after converting them to strings.</doc>
<msg timestamp="20250921 11:32:38.007" level="INFO">Argument types are:
&lt;class 'int'&gt;
&lt;class 'str'&gt;</msg>
<status status="PASS" starttime="20250921 11:32:38.007" endtime="20250921 11:32:38.007"/>
</kw>
<kw name="Set Variable" library="BuiltIn">
<var>${json}</var>
<arg>${response.json()}</arg>
<doc>Returns the given values which can then be assigned to a variables.</doc>
<msg timestamp="20250921 11:32:38.007" level="INFO">${json} = {'num1': 5, 'num2': 6, 'operation': 'addition', 'result': 11}</msg>
<status status="PASS" starttime="20250921 11:32:38.007" endtime="20250921 11:32:38.007"/>
</kw>
<kw name="Should Be Equal As Numbers" library="BuiltIn">
<arg>${json}[result]</arg>
<arg>11</arg>
<doc>Fails if objects are unequal after converting them to real numbers.</doc>
<msg timestamp="20250921 11:32:38.007" level="INFO">Argument types are:
&lt;class 'int'&gt;
&lt;class 'str'&gt;</msg>
<status status="PASS" starttime="20250921 11:32:38.007" endtime="20250921 11:32:38.007"/>
</kw>
<kw name="Should Be Equal As Numbers" library="BuiltIn">
<arg>${json}[num1]</arg>
<arg>5</arg>
<doc>Fails if objects are unequal after converting them to real numbers.</doc>
<msg timestamp="20250921 11:32:38.007" level="INFO">Argument types are:
&lt;class 'int'&gt;
&lt;class 'str'&gt;</msg>
<status status="PASS" starttime="20250921 11:32:38.007" endtime="20250921 11:32:38.007"/>
</kw>
<kw name="Should Be Equal As Numbers" library="BuiltIn">
<arg>${json}[num2]</arg>
<arg>6</arg>
<doc>Fails if objects are unequal after converting them to real numbers.</doc>
<msg timestamp="20250921 11:32:38.008" level="INFO">Argument types are:
&lt;class 'int'&gt;
&lt;class 'str'&gt;</msg>
<status status="PASS" starttime="20250921 11:32:38.007" endtime="20250921 11:32:38.008"/>
</kw>
<kw name="Should Be Equal" library="BuiltIn">
<arg>${json}[operation]</arg>
<arg>addition</arg>
<doc>Fails if the given objects are unequal.</doc>
<status status="PASS" starttime="20250921 11:32:38.008" endtime="20250921 11:32:38.008"/>
</kw>
<kw name="Delete All Sessions" library="RequestsLibrary">
<doc>Removes all the session objects</doc>
<msg timestamp="20250921 11:32:38.008" level="INFO">Deleting All Sessions</msg>
<status status="PASS" starttime="20250921 11:32:38.008" endtime="20250921 11:32:38.008"/>
</kw>
<doc>Test plus endpoint with positive numbers</doc>
<tag>plus</tag>
<tag>positive</tag>
<status status="PASS" starttime="20250921 11:32:38.005" endtime="20250921 11:32:38.008"/>
</test>
<test id="s1-s1-t3" name="Test Plus API With Negative Numbers" line="35">
<kw name="Create Session" library="RequestsLibrary">
<arg>api</arg>
<arg>${BASE_URL}</arg>
<arg>timeout=${TIMEOUT}</arg>
<doc>Create Session: create a HTTP session to a server</doc>
<msg timestamp="20250921 11:32:38.008" level="INFO">Creating Session using : alias=api, url=http://localhost:5001, headers={},                     cookies={}, auth=None, timeout=10, proxies=None, verify=False,                     debug=0 </msg>
<status status="PASS" starttime="20250921 11:32:38.008" endtime="20250921 11:32:38.008"/>
</kw>
<kw name="GET On Session" library="RequestsLibrary">
<var>${response}</var>
<arg>api</arg>
<arg>/plus/-5/3</arg>
<doc>Sends a GET request on a previously created HTTP Session.</doc>
<msg timestamp="20250921 11:32:38.010" level="INFO">GET Request : url=http://localhost:5001/plus/-5/3 
 path_url=/plus/-5/3 
 headers={'User-Agent': 'python-requests/2.31.0', 'Accept-Encoding': 'gzip, deflate', 'Accept': '*/*', 'Connection': 'keep-alive'} 
 body=None 
 </msg>
<msg timestamp="20250921 11:32:38.010" level="INFO">GET Response : url=http://localhost:5001/plus/-5/3 
 status=200, reason=OK 
 headers={'Server': 'Werkzeug/3.1.3 Python/3.9.6', 'Date': 'Sun, 21 Sep 2025 04:32:38 GMT', 'Content-Type': 'application/json', 'Content-Length': '56', 'Connection': 'close'} 
 body={"num1":-5,"num2":3,"operation":"addition","result":-2}
 
 </msg>
<msg timestamp="20250921 11:32:38.010" level="INFO">${response} = &lt;Response [200]&gt;</msg>
<status status="PASS" starttime="20250921 11:32:38.008" endtime="20250921 11:32:38.010"/>
</kw>
<kw name="Should Be Equal As Strings" library="BuiltIn">
<arg>${response.status_code}</arg>
<arg>200</arg>
<doc>Fails if objects are unequal after converting them to strings.</doc>
<msg timestamp="20250921 11:32:38.010" level="INFO">Argument types are:
&lt;class 'int'&gt;
&lt;class 'str'&gt;</msg>
<status status="PASS" starttime="20250921 11:32:38.010" endtime="20250921 11:32:38.010"/>
</kw>
<kw name="Set Variable" library="BuiltIn">
<var>${json}</var>
<arg>${response.json()}</arg>
<doc>Returns the given values which can then be assigned to a variables.</doc>
<msg timestamp="20250921 11:32:38.010" level="INFO">${json} = {'num1': -5, 'num2': 3, 'operation': 'addition', 'result': -2}</msg>
<status status="PASS" starttime="20250921 11:32:38.010" endtime="20250921 11:32:38.010"/>
</kw>
<kw name="Should Be Equal As Numbers" library="BuiltIn">
<arg>${json}[result]</arg>
<arg>-2</arg>
<doc>Fails if objects are unequal after converting them to real numbers.</doc>
<msg timestamp="20250921 11:32:38.010" level="INFO">Argument types are:
&lt;class 'int'&gt;
&lt;class 'str'&gt;</msg>
<status status="PASS" starttime="20250921 11:32:38.010" endtime="20250921 11:32:38.010"/>
</kw>
<kw name="Should Be Equal As Numbers" library="BuiltIn">
<arg>${json}[num1]</arg>
<arg>-5</arg>
<doc>Fails if objects are unequal after converting them to real numbers.</doc>
<msg timestamp="20250921 11:32:38.011" level="INFO">Argument types are:
&lt;class 'int'&gt;
&lt;class 'str'&gt;</msg>
<status status="PASS" starttime="20250921 11:32:38.011" endtime="20250921 11:32:38.011"/>
</kw>
<kw name="Should Be Equal As Numbers" library="BuiltIn">
<arg>${json}[num2]</arg>
<arg>3</arg>
<doc>Fails if objects are unequal after converting them to real numbers.</doc>
<msg timestamp="20250921 11:32:38.011" level="INFO">Argument types are:
&lt;class 'int'&gt;
&lt;class 'str'&gt;</msg>
<status status="PASS" starttime="20250921 11:32:38.011" endtime="20250921 11:32:38.011"/>
</kw>
<kw name="Delete All Sessions" library="RequestsLibrary">
<doc>Removes all the session objects</doc>
<msg timestamp="20250921 11:32:38.011" level="INFO">Deleting All Sessions</msg>
<status status="PASS" starttime="20250921 11:32:38.011" endtime="20250921 11:32:38.011"/>
</kw>
<doc>Test plus endpoint with negative numbers</doc>
<tag>negative</tag>
<tag>plus</tag>
<status status="PASS" starttime="20250921 11:32:38.008" endtime="20250921 11:32:38.011"/>
</test>
<test id="s1-s1-t4" name="Test Plus API With Zero" line="47">
<kw name="Create Session" library="RequestsLibrary">
<arg>api</arg>
<arg>${BASE_URL}</arg>
<arg>timeout=${TIMEOUT}</arg>
<doc>Create Session: create a HTTP session to a server</doc>
<msg timestamp="20250921 11:32:38.011" level="INFO">Creating Session using : alias=api, url=http://localhost:5001, headers={},                     cookies={}, auth=None, timeout=10, proxies=None, verify=False,                     debug=0 </msg>
<status status="PASS" starttime="20250921 11:32:38.011" endtime="20250921 11:32:38.011"/>
</kw>
<kw name="GET On Session" library="RequestsLibrary">
<var>${response}</var>
<arg>api</arg>
<arg>/plus/0/10</arg>
<doc>Sends a GET request on a previously created HTTP Session.</doc>
<msg timestamp="20250921 11:32:38.013" level="INFO">GET Request : url=http://localhost:5001/plus/0/10 
 path_url=/plus/0/10 
 headers={'User-Agent': 'python-requests/2.31.0', 'Accept-Encoding': 'gzip, deflate', 'Accept': '*/*', 'Connection': 'keep-alive'} 
 body=None 
 </msg>
<msg timestamp="20250921 11:32:38.013" level="INFO">GET Response : url=http://localhost:5001/plus/0/10 
 status=200, reason=OK 
 headers={'Server': 'Werkzeug/3.1.3 Python/3.9.6', 'Date': 'Sun, 21 Sep 2025 04:32:38 GMT', 'Content-Type': 'application/json', 'Content-Length': '56', 'Connection': 'close'} 
 body={"num1":0,"num2":10,"operation":"addition","result":10}
 
 </msg>
<msg timestamp="20250921 11:32:38.013" level="INFO">${response} = &lt;Response [200]&gt;</msg>
<status status="PASS" starttime="20250921 11:32:38.011" endtime="20250921 11:32:38.013"/>
</kw>
<kw name="Should Be Equal As Strings" library="BuiltIn">
<arg>${response.status_code}</arg>
<arg>200</arg>
<doc>Fails if objects are unequal after converting them to strings.</doc>
<msg timestamp="20250921 11:32:38.013" level="INFO">Argument types are:
&lt;class 'int'&gt;
&lt;class 'str'&gt;</msg>
<status status="PASS" starttime="20250921 11:32:38.013" endtime="20250921 11:32:38.013"/>
</kw>
<kw name="Set Variable" library="BuiltIn">
<var>${json}</var>
<arg>${response.json()}</arg>
<doc>Returns the given values which can then be assigned to a variables.</doc>
<msg timestamp="20250921 11:32:38.013" level="INFO">${json} = {'num1': 0, 'num2': 10, 'operation': 'addition', 'result': 10}</msg>
<status status="PASS" starttime="20250921 11:32:38.013" endtime="20250921 11:32:38.013"/>
</kw>
<kw name="Should Be Equal As Numbers" library="BuiltIn">
<arg>${json}[result]</arg>
<arg>10</arg>
<doc>Fails if objects are unequal after converting them to real numbers.</doc>
<msg timestamp="20250921 11:32:38.013" level="INFO">Argument types are:
&lt;class 'int'&gt;
&lt;class 'str'&gt;</msg>
<status status="PASS" starttime="20250921 11:32:38.013" endtime="20250921 11:32:38.013"/>
</kw>
<kw name="Should Be Equal As Numbers" library="BuiltIn">
<arg>${json}[num1]</arg>
<arg>0</arg>
<doc>Fails if objects are unequal after converting them to real numbers.</doc>
<msg timestamp="20250921 11:32:38.014" level="INFO">Argument types are:
&lt;class 'int'&gt;
&lt;class 'str'&gt;</msg>
<status status="PASS" starttime="20250921 11:32:38.013" endtime="20250921 11:32:38.014"/>
</kw>
<kw name="Should Be Equal As Numbers" library="BuiltIn">
<arg>${json}[num2]</arg>
<arg>10</arg>
<doc>Fails if objects are unequal after converting them to real numbers.</doc>
<msg timestamp="20250921 11:32:38.014" level="INFO">Argument types are:
&lt;class 'int'&gt;
&lt;class 'str'&gt;</msg>
<status status="PASS" starttime="20250921 11:32:38.014" endtime="20250921 11:32:38.014"/>
</kw>
<kw name="Delete All Sessions" library="RequestsLibrary">
<doc>Removes all the session objects</doc>
<msg timestamp="20250921 11:32:38.014" level="INFO">Deleting All Sessions</msg>
<status status="PASS" starttime="20250921 11:32:38.014" endtime="20250921 11:32:38.014"/>
</kw>
<doc>Test plus endpoint with zero</doc>
<tag>plus</tag>
<tag>zero</tag>
<status status="PASS" starttime="20250921 11:32:38.011" endtime="20250921 11:32:38.014"/>
</test>
<test id="s1-s1-t5" name="Test Plus API With Large Numbers" line="59">
<kw name="Create Session" library="RequestsLibrary">
<arg>api</arg>
<arg>${BASE_URL}</arg>
<arg>timeout=${TIMEOUT}</arg>
<doc>Create Session: create a HTTP session to a server</doc>
<msg timestamp="20250921 11:32:38.014" level="INFO">Creating Session using : alias=api, url=http://localhost:5001, headers={},                     cookies={}, auth=None, timeout=10, proxies=None, verify=False,                     debug=0 </msg>
<status status="PASS" starttime="20250921 11:32:38.014" endtime="20250921 11:32:38.014"/>
</kw>
<kw name="GET On Session" library="RequestsLibrary">
<var>${response}</var>
<arg>api</arg>
<arg>/plus/999/1</arg>
<doc>Sends a GET request on a previously created HTTP Session.</doc>
<msg timestamp="20250921 11:32:38.016" level="INFO">GET Request : url=http://localhost:5001/plus/999/1 
 path_url=/plus/999/1 
 headers={'User-Agent': 'python-requests/2.31.0', 'Accept-Encoding': 'gzip, deflate', 'Accept': '*/*', 'Connection': 'keep-alive'} 
 body=None 
 </msg>
<msg timestamp="20250921 11:32:38.016" level="INFO">GET Response : url=http://localhost:5001/plus/999/1 
 status=200, reason=OK 
 headers={'Server': 'Werkzeug/3.1.3 Python/3.9.6', 'Date': 'Sun, 21 Sep 2025 04:32:38 GMT', 'Content-Type': 'application/json', 'Content-Length': '59', 'Connection': 'close'} 
 body={"num1":999,"num2":1,"operation":"addition","result":1000}
 
 </msg>
<msg timestamp="20250921 11:32:38.016" level="INFO">${response} = &lt;Response [200]&gt;</msg>
<status status="PASS" starttime="20250921 11:32:38.014" endtime="20250921 11:32:38.016"/>
</kw>
<kw name="Should Be Equal As Strings" library="BuiltIn">
<arg>${response.status_code}</arg>
<arg>200</arg>
<doc>Fails if objects are unequal after converting them to strings.</doc>
<msg timestamp="20250921 11:32:38.016" level="INFO">Argument types are:
&lt;class 'int'&gt;
&lt;class 'str'&gt;</msg>
<status status="PASS" starttime="20250921 11:32:38.016" endtime="20250921 11:32:38.016"/>
</kw>
<kw name="Set Variable" library="BuiltIn">
<var>${json}</var>
<arg>${response.json()}</arg>
<doc>Returns the given values which can then be assigned to a variables.</doc>
<msg timestamp="20250921 11:32:38.016" level="INFO">${json} = {'num1': 999, 'num2': 1, 'operation': 'addition', 'result': 1000}</msg>
<status status="PASS" starttime="20250921 11:32:38.016" endtime="20250921 11:32:38.016"/>
</kw>
<kw name="Should Be Equal As Numbers" library="BuiltIn">
<arg>${json}[result]</arg>
<arg>1000</arg>
<doc>Fails if objects are unequal after converting them to real numbers.</doc>
<msg timestamp="20250921 11:32:38.017" level="INFO">Argument types are:
&lt;class 'int'&gt;
&lt;class 'str'&gt;</msg>
<status status="PASS" starttime="20250921 11:32:38.016" endtime="20250921 11:32:38.017"/>
</kw>
<kw name="Delete All Sessions" library="RequestsLibrary">
<doc>Removes all the session objects</doc>
<msg timestamp="20250921 11:32:38.017" level="INFO">Deleting All Sessions</msg>
<status status="PASS" starttime="20250921 11:32:38.017" endtime="20250921 11:32:38.017"/>
</kw>
<doc>Test plus endpoint with large numbers</doc>
<tag>large</tag>
<tag>plus</tag>
<status status="PASS" starttime="20250921 11:32:38.014" endtime="20250921 11:32:38.017"/>
</test>
<test id="s1-s1-t6" name="Test GetCode Endpoint" line="69">
<kw name="Create Session" library="RequestsLibrary">
<arg>api</arg>
<arg>${BASE_URL}</arg>
<arg>timeout=${TIMEOUT}</arg>
<doc>Create Session: create a HTTP session to a server</doc>
<msg timestamp="20250921 11:32:38.017" level="INFO">Creating Session using : alias=api, url=http://localhost:5001, headers={},                     cookies={}, auth=None, timeout=10, proxies=None, verify=False,                     debug=0 </msg>
<status status="PASS" starttime="20250921 11:32:38.017" endtime="20250921 11:32:38.018"/>
</kw>
<kw name="GET On Session" library="RequestsLibrary">
<var>${response}</var>
<arg>api</arg>
<arg>/getcode</arg>
<doc>Sends a GET request on a previously created HTTP Session.</doc>
<msg timestamp="20250921 11:32:38.019" level="INFO">GET Request : url=http://localhost:5001/getcode 
 path_url=/getcode 
 headers={'User-Agent': 'python-requests/2.31.0', 'Accept-Encoding': 'gzip, deflate', 'Accept': '*/*', 'Connection': 'keep-alive'} 
 body=None 
 </msg>
<msg timestamp="20250921 11:32:38.019" level="INFO">GET Response : url=http://localhost:5001/getcode 
 status=200, reason=OK 
 headers={'Server': 'Werkzeug/3.1.3 Python/3.9.6', 'Date': 'Sun, 21 Sep 2025 04:32:38 GMT', 'Content-Type': 'application/json', 'Content-Length': '70', 'Connection': 'close'} 
 body={"code":"DEFAULT_CODE_12345","message":"Code retrieved successfully"}
 
 </msg>
<msg timestamp="20250921 11:32:38.019" level="INFO">${response} = &lt;Response [200]&gt;</msg>
<status status="PASS" starttime="20250921 11:32:38.018" endtime="20250921 11:32:38.019"/>
</kw>
<kw name="Should Be Equal As Strings" library="BuiltIn">
<arg>${response.status_code}</arg>
<arg>200</arg>
<doc>Fails if objects are unequal after converting them to strings.</doc>
<msg timestamp="20250921 11:32:38.019" level="INFO">Argument types are:
&lt;class 'int'&gt;
&lt;class 'str'&gt;</msg>
<status status="PASS" starttime="20250921 11:32:38.019" endtime="20250921 11:32:38.019"/>
</kw>
<kw name="Set Variable" library="BuiltIn">
<var>${json}</var>
<arg>${response.json()}</arg>
<doc>Returns the given values which can then be assigned to a variables.</doc>
<msg timestamp="20250921 11:32:38.020" level="INFO">${json} = {'code': 'DEFAULT_CODE_12345', 'message': 'Code retrieved successfully'}</msg>
<status status="PASS" starttime="20250921 11:32:38.019" endtime="20250921 11:32:38.020"/>
</kw>
<kw name="Should Not Be Empty" library="BuiltIn">
<arg>${json}[code]</arg>
<doc>Verifies that the given item is not empty.</doc>
<msg timestamp="20250921 11:32:38.020" level="INFO">Length is 18</msg>
<status status="PASS" starttime="20250921 11:32:38.020" endtime="20250921 11:32:38.020"/>
</kw>
<kw name="Should Not Be Empty" library="BuiltIn">
<arg>${json}[message]</arg>
<doc>Verifies that the given item is not empty.</doc>
<msg timestamp="20250921 11:32:38.020" level="INFO">Length is 27</msg>
<status status="PASS" starttime="20250921 11:32:38.020" endtime="20250921 11:32:38.020"/>
</kw>
<kw name="Delete All Sessions" library="RequestsLibrary">
<doc>Removes all the session objects</doc>
<msg timestamp="20250921 11:32:38.020" level="INFO">Deleting All Sessions</msg>
<status status="PASS" starttime="20250921 11:32:38.020" endtime="20250921 11:32:38.020"/>
</kw>
<doc>Test getcode endpoint returns valid response</doc>
<tag>getcode</tag>
<status status="PASS" starttime="20250921 11:32:38.017" endtime="20250921 11:32:38.020"/>
</test>
<test id="s1-s1-t7" name="Test Plus API Response Format" line="80">
<kw name="Create Session" library="RequestsLibrary">
<arg>api</arg>
<arg>${BASE_URL}</arg>
<arg>timeout=${TIMEOUT}</arg>
<doc>Create Session: create a HTTP session to a server</doc>
<msg timestamp="20250921 11:32:38.020" level="INFO">Creating Session using : alias=api, url=http://localhost:5001, headers={},                     cookies={}, auth=None, timeout=10, proxies=None, verify=False,                     debug=0 </msg>
<status status="PASS" starttime="20250921 11:32:38.020" endtime="20250921 11:32:38.020"/>
</kw>
<kw name="GET On Session" library="RequestsLibrary">
<var>${response}</var>
<arg>api</arg>
<arg>/plus/1/2</arg>
<doc>Sends a GET request on a previously created HTTP Session.</doc>
<msg timestamp="20250921 11:32:38.022" level="INFO">GET Request : url=http://localhost:5001/plus/1/2 
 path_url=/plus/1/2 
 headers={'User-Agent': 'python-requests/2.31.0', 'Accept-Encoding': 'gzip, deflate', 'Accept': '*/*', 'Connection': 'keep-alive'} 
 body=None 
 </msg>
<msg timestamp="20250921 11:32:38.022" level="INFO">GET Response : url=http://localhost:5001/plus/1/2 
 status=200, reason=OK 
 headers={'Server': 'Werkzeug/3.1.3 Python/3.9.6', 'Date': 'Sun, 21 Sep 2025 04:32:38 GMT', 'Content-Type': 'application/json', 'Content-Length': '54', 'Connection': 'close'} 
 body={"num1":1,"num2":2,"operation":"addition","result":3}
 
 </msg>
<msg timestamp="20250921 11:32:38.022" level="INFO">${response} = &lt;Response [200]&gt;</msg>
<status status="PASS" starttime="20250921 11:32:38.020" endtime="20250921 11:32:38.022"/>
</kw>
<kw name="Should Be Equal As Strings" library="BuiltIn">
<arg>${response.status_code}</arg>
<arg>200</arg>
<doc>Fails if objects are unequal after converting them to strings.</doc>
<msg timestamp="20250921 11:32:38.022" level="INFO">Argument types are:
&lt;class 'int'&gt;
&lt;class 'str'&gt;</msg>
<status status="PASS" starttime="20250921 11:32:38.022" endtime="20250921 11:32:38.022"/>
</kw>
<kw name="Set Variable" library="BuiltIn">
<var>${json}</var>
<arg>${response.json()}</arg>
<doc>Returns the given values which can then be assigned to a variables.</doc>
<msg timestamp="20250921 11:32:38.022" level="INFO">${json} = {'num1': 1, 'num2': 2, 'operation': 'addition', 'result': 3}</msg>
<status status="PASS" starttime="20250921 11:32:38.022" endtime="20250921 11:32:38.022"/>
</kw>
<kw name="Dictionary Should Contain Key" library="Collections">
<arg>${json}</arg>
<arg>result</arg>
<doc>Fails if ``key`` is not found from ``dictionary``.</doc>
<status status="PASS" starttime="20250921 11:32:38.023" endtime="20250921 11:32:38.023"/>
</kw>
<kw name="Dictionary Should Contain Key" library="Collections">
<arg>${json}</arg>
<arg>num1</arg>
<doc>Fails if ``key`` is not found from ``dictionary``.</doc>
<status status="PASS" starttime="20250921 11:32:38.023" endtime="20250921 11:32:38.023"/>
</kw>
<kw name="Dictionary Should Contain Key" library="Collections">
<arg>${json}</arg>
<arg>num2</arg>
<doc>Fails if ``key`` is not found from ``dictionary``.</doc>
<status status="PASS" starttime="20250921 11:32:38.023" endtime="20250921 11:32:38.023"/>
</kw>
<kw name="Dictionary Should Contain Key" library="Collections">
<arg>${json}</arg>
<arg>operation</arg>
<doc>Fails if ``key`` is not found from ``dictionary``.</doc>
<status status="PASS" starttime="20250921 11:32:38.023" endtime="20250921 11:32:38.023"/>
</kw>
<kw name="Delete All Sessions" library="RequestsLibrary">
<doc>Removes all the session objects</doc>
<msg timestamp="20250921 11:32:38.023" level="INFO">Deleting All Sessions</msg>
<status status="PASS" starttime="20250921 11:32:38.023" endtime="20250921 11:32:38.023"/>
</kw>
<doc>Test plus endpoint response format is correct</doc>
<tag>format</tag>
<tag>plus</tag>
<status status="PASS" starttime="20250921 11:32:38.020" endtime="20250921 11:32:38.023"/>
</test>
<doc>API Testing for Simple API</doc>
<status status="PASS" starttime="20250921 11:32:37.958" endtime="20250921 11:32:38.023"/>
</suite>
<status status="PASS" starttime="20250921 11:32:37.951" endtime="20250921 11:32:38.024"/>
</suite>
<statistics>
<total>
<stat pass="7" fail="0" skip="0">All Tests</stat>
</total>
<tag>
<stat pass="1" fail="0" skip="0">format</stat>
<stat pass="1" fail="0" skip="0">getcode</stat>
<stat pass="1" fail="0" skip="0">health</stat>
<stat pass="1" fail="0" skip="0">large</stat>
<stat pass="1" fail="0" skip="0">negative</stat>
<stat pass="5" fail="0" skip="0">plus</stat>
<stat pass="1" fail="0" skip="0">positive</stat>
<stat pass="1" fail="0" skip="0">zero</stat>
</tag>
<suite>
<stat pass="7" fail="0" skip="0" id="s1" name="Tests">Tests</stat>
<stat pass="7" fail="0" skip="0" id="s1-s1" name="Api Tests">Tests.Api Tests</stat>
</suite>
</statistics>
<errors>
<msg timestamp="20250921 11:32:37.997" level="ERROR">Error in file '/Users/pondwongsatorn/Downloads/jenkins/simple-api-robot/tests/api_tests.robot' on line 5: Processing variable file 'keywords.robot' failed: Importing variable file 'keywords.robot' failed: ModuleNotFoundError: No module named 'keywords'
Traceback (most recent call last):
  None
PYTHONPATH:
  /Users/pondwongsatorn/Downloads/jenkins/simple-api-robot/robot-venv/bin
  /Library/Developer/CommandLineTools/Library/Frameworks/Python3.framework/Versions/3.9/lib/python39.zip
  /Library/Developer/CommandLineTools/Library/Frameworks/Python3.framework/Versions/3.9/lib/python3.9
  /Library/Developer/CommandLineTools/Library/Frameworks/Python3.framework/Versions/3.9/lib/python3.9/lib-dynload
  /Users/pondwongsatorn/Downloads/jenkins/simple-api-robot/robot-venv/lib/python3.9/site-packages</msg>
</errors>
</robot>
